make.exe all --print-data-base --no-builtin-variables --no-builtin-rules --question
# GNU Make 3.82.90
# Built for i686-pc-mingw32
# Copyright (C) 1988-2012 Free Software Foundation, Inc.
# License GPLv3+: GNU GPL version 3 or later <http://gnu.org/licenses/gpl.html>
# This is free software: you are free to change and redistribute it.
# There is NO WARRANTY, to the extent permitted by law.
 

# Make data base, printed on Tue May 10 20:31:02 2022

# Variables

# automatic
<D = $(patsubst %/,%,$(patsubst %\,%,$(dir $<)))
# automatic
?F = $(notdir $?)
# default
.SHELLFLAGS := -c
# makefile
MAKEFLAGS = Rrqp
# environment
VSCODE_LOG_NATIVE = false
# automatic
?D = $(patsubst %/,%,$(patsubst %\,%,$(dir $?)))
# automatic
@D = $(patsubst %/,%,$(patsubst %\,%,$(dir $@)))
# environment
HOMEDRIVE = C:
# automatic
@F = $(notdir $@)
# automatic
^D = $(patsubst %/,%,$(patsubst %\,%,$(dir $^)))
# makefile
CURDIR := d:/liusenyuan's/c++/achievement_system
# default
SHELL := sh.exe
# environment
WINDIR = C:\WINDOWS
# environment
VSCODE_NLS_CONFIG = {"locale":"zh-cn","availableLanguages":{"*":"zh-cn"},"_languagePackId":"a78078f10f99ab7adc9063c14c25e7ae.zh-cn","_translationsConfigFile":"C:\\Users\\lenovo\\AppData\\Roaming\\Code\\clp\\a78078f10f99ab7adc9063c14c25e7ae.zh-cn\\tcf.json","_cacheRoot":"C:\\Users\\lenovo\\AppData\\Roaming\\Code\\clp\\a78078f10f99ab7adc9063c14c25e7ae.zh-cn","_resolvedLanguagePackCoreLocation":"C:\\Users\\lenovo\\AppData\\Roaming\\Code\\clp\\a78078f10f99ab7adc9063c14c25e7ae.zh-cn\\57fd6d0195bb9b9d1b49f6da5db789060795de47","_corruptedFile":"C:\\Users\\lenovo\\AppData\\Roaming\\Code\\clp\\a78078f10f99ab7adc9063c14c25e7ae.zh-cn\\corrupted.info","_languagePackSupport":true}
# environment
ONEDRIVE = C:\Users\lenovo\OneDrive
# environment
PATHEXT = .COM;.EXE;.BAT;.CMD;.VBS;.VBE;.JS;.JSE;.WSF;.WSH;.MSC
# makefile (from 'makefile', line 1)
MAKEFILE_LIST :=  makefile
# environment
TMP = C:\Users\lenovo\AppData\Local\Temp
# environment
VSCODE_VERBOSE_LOGGING = true
# environment
PROGRAMW6432 = C:\Program Files
# environment
PROGRAMDATA = C:\ProgramData
# environment
VSCODE_IPC_HOOK_EXTHOST = \\.\pipe\vscode-ipc-beb59d9f-4475-497c-aebd-706263ca7714-sock
# environment
VSCODE_CWD = D:\Users\lenovo\AppData\Local\Programs\Microsoft VS Code
# environment
PATH = C:\Windows\system32;C:\Windows;C:\Windows\System32\Wbem;C:\Windows\System32\WindowsPowerShell\v1.0\;C:\Windows\System32\OpenSSH\;C:\Program Files (x86)\NVIDIA Corporation\PhysX\Common;C:\Program Files\NVIDIA Corporation\NVIDIA NvDLISR;C:\Program Files\dotnet\;C:\Program Files\Microsoft SQL Server\120\Tools\Binn\;C:\Program Files\Microsoft SQL Server\Client SDK\ODBC\110\Tools\Binn\;C:\Program Files (x86)\Microsoft SQL Server\120\Tools\Binn\;C:\Program Files\Microsoft SQL Server\120\DTS\Binn\;C:\Program Files (x86)\Windows Kits\8.1\Windows Performance Toolkit\;C:\MinGW\bin;D:\Program Files\MATLAB\R2022a\bin;C:\WINDOWS\system32;C:\WINDOWS;C:\WINDOWS\System32\Wbem;C:\WINDOWS\System32\WindowsPowerShell\v1.0\;C:\WINDOWS\System32\OpenSSH\;D:\Program Files\Bandizip\;C:\Program Files\Git\cmd;E:\Users\lenovo\AppData\Local\Programs\Python\Python310\Scripts\;E:\Users\lenovo\AppData\Local\Programs\Python\Python310\;C:\Users\lenovo\AppData\Local\Microsoft\WindowsApps;D:\Users\lenovo\AppData\Local\Programs\Microsoft VS Code\bin
# environment
SW_SIM_HYDRA = C:\Program Files\Common Files\SolidWorks Shared\Simulation Worker Agent\
# environment
COMMONPROGRAMW6432 = C:\Program Files\Common Files
# environment
ZES_ENABLE_SYSMAN = 1
# environment
PROCESSOR_ARCHITECTURE = x86
# environment
USERPROFILE = C:\Users\lenovo
# environment
ALLUSERSPROFILE = C:\ProgramData
# environment
VSCODE_LOG_STACK = false
# environment
NUMBER_OF_PROCESSORS = 16
# environment
ELECTRON_RUN_AS_NODE = 1
# default
.FEATURES := target-specific order-only second-expansion else-if shortest-stem undefine oneshell archives jobserver
# automatic
%F = $(notdir $%)
# environment
CHROME_CRASHPAD_PIPE_NAME = \\.\pipe\crashpad_11492_NAJMTCXWPDZWRQDG
# environment
VSCODE_PIPE_LOGGING = true
# environment
COMPUTERNAME = 小猪的电脑
# environment
PROGRAMFILES = C:\Program Files (x86)
# environment
DRIVERDATA = C:\Windows\System32\Drivers\DriverData
# environment
ORIGINAL_XDG_CURRENT_DESKTOP = undefined
# environment
USERNAME = lenovo
# environment
PUBLIC = C:\Users\Public
# environment
VSCODE_AMD_ENTRYPOINT = vs/workbench/api/node/extensionHostProcess
# environment
VSCODE_CODE_CACHE_PATH = C:\Users\lenovo\AppData\Roaming\Code\CachedData\57fd6d0195bb9b9d1b49f6da5db789060795de47
# environment
APPLICATION_INSIGHTS_NO_DIAGNOSTIC_CHANNEL = 1
# environment
COMMONPROGRAMFILES = C:\Program Files (x86)\Common Files
# environment
LOGONSERVER = \\小猪的电脑
# environment
VSCODE_HANDLES_UNCAUGHT_ERRORS = true
# environment
USERDOMAIN = 小猪的电脑
# environment
MAKELEVEL := 0
# default
MAKE = $(MAKE_COMMAND)
# default
MAKECMDGOALS := all
# default
MAKE_VERSION := 3.82.90
# makefile
.DEFAULT_GOAL := main
# environment
PROGRAMFILES(X86) = C:\Program Files (x86)
# automatic
%D = $(patsubst %/,%,$(patsubst %\,%,$(dir $%)))
# environment
LOCALAPPDATA = C:\Users\lenovo\AppData\Local
# environment
PSMODULEPATH = C:\Program Files\WindowsPowerShell\Modules;C:\WINDOWS\system32\WindowsPowerShell\v1.0\Modules;C:\Program Files (x86)\Microsoft SQL Server\120\Tools\PowerShell\Modules\
# default
MAKE_COMMAND := make.exe
# environment
PROCESSOR_ARCHITEW6432 = AMD64
# default
.VARIABLES := 
# automatic
*F = $(notdir $*)
# environment
PROCESSOR_IDENTIFIER = Intel64 Family 6 Model 141 Stepping 1, GenuineIntel
# environment
OS = Windows_NT
# environment
VSCODE_IPC_HOOK = \\.\pipe\db9312f16fd3ca26cdd1282f28873fac-1.67.0-main-sock
# environment
HOMEPATH = \Users\lenovo
# environment
COMMONPROGRAMFILES(X86) = C:\Program Files (x86)\Common Files
# environment
PROMPT = $P$G
# environment
MFLAGS = -Rrqp
# automatic
*D = $(patsubst %/,%,$(patsubst %\,%,$(dir $*)))
# environment
SYSTEMROOT = C:\WINDOWS
# automatic
+D = $(patsubst %/,%,$(patsubst %\,%,$(dir $+)))
# automatic
+F = $(notdir $+)
# environment
APPDATA = C:\Users\lenovo\AppData\Roaming
# environment
TEMP = C:\Users\lenovo\AppData\Local\Temp
# environment
COMSPEC = C:\WINDOWS\system32\cmd.exe
# default
MAKEFILES := 
# automatic
<F = $(notdir $<)
# environment
LC_ALL = C
# environment
SW_SIM_TEMP = C:\ProgramData\SOLIDWORKS\SW_net_sim_temp\
# automatic
^F = $(notdir $^)
# default
SUFFIXES := 
# environment
SYSTEMDRIVE = C:
# environment
SESSIONNAME = Console
# environment
PROCESSOR_REVISION = 8d01
# environment
SW_SIM_MPIT = INTELMPI
# environment
MOZ_PLUGIN_PATH = D:\Program Files (x86)\Foxit Software\Foxit PDF Editor\plugins\
# default
.INCLUDE_DIRS = C:/MinGW/include
# default
.RECIPEPREFIX := 
# environment
LANG = C
# environment
PROCESSOR_LEVEL = 6
# environment
VSCODE_PID = 11492
# environment
USERDOMAIN_ROAMINGPROFILE = 小猪的电脑
# variable set hash-table stats:
# Load=94/1024=9%, Rehash=0, Collisions=11/113=10%

# Pattern-specific Variable Values

# No pattern-specific variable values.

# Directories

# C:\Program Files\Microsoft SQL Server\Client SDK\ODBC\110\Tools\Binn\ (key C:/Program Files/Microsoft SQL Server/Client SDK/ODBC/110/Tools/Binn/, mtime 1638528295): 6 files, no impossibilities.
# C:\Program Files\NVIDIA Corporation\NVIDIA NvDLISR (key C:/Program Files/NVIDIA Corporation/NVIDIA NvDLISR, mtime 1623698281): 5 files, no impossibilities.
# C:\Users\lenovo\AppData\Local\Microsoft\WindowsApps (key C:/Users/lenovo/AppData/Local/Microsoft/WindowsApps, mtime 1651734899): 20 files, no impossibilities.
# C:\Windows\System32\WindowsPowerShell\v1.0\ (key C:/Windows/System32/WindowsPowerShell/v1.0/, mtime 1647866528): 32 files, no impossibilities.
# C:\WINDOWS\System32\Wbem (key C:/WINDOWS/System32/Wbem, mtime 1647866726): 155 files, no impossibilities.
# . (key d:/liusenyuan's/c++/achievement_system, mtime 1652185842): 18 files, no impossibilities.
# D:\Users\lenovo\AppData\Local\Programs\Microsoft VS Code\bin (key D:/Users/lenovo/AppData/Local/Programs/Microsoft VS Code/bin, mtime 1651901773): 4 files, no impossibilities.
# D:\Program Files\Bandizip\ (key D:/Program Files/Bandizip/, mtime 1647878183): 20 files, no impossibilities.
# E:\Users\lenovo\AppData\Local\Programs\Python\Python310\: could not be stat'd.
# C:\Program Files\Git\cmd (key C:/Program Files/Git/cmd, mtime 1652185567): 8 files, no impossibilities.
# C:\Windows\System32\OpenSSH\: could not be stat'd.
# C:\Program Files (x86)\Microsoft SQL Server\120\Tools\Binn\ (key C:/Program Files (x86)/Microsoft SQL Server/120/Tools/Binn/, mtime 1638528287): 12 files, no impossibilities.
# C:\MinGW\bin (key C:/MinGW/bin, mtime 1648649061): 144 files, no impossibilities.
# E:\Users\lenovo\AppData\Local\Programs\Python\Python310\Scripts\: could not be stat'd.
# C:\Program Files (x86)\NVIDIA Corporation\PhysX\Common (key C:/Program Files (x86)/NVIDIA Corporation/PhysX/Common, mtime 1638529091): 11 files, no impossibilities.
# C:\Program Files\Microsoft SQL Server\120\DTS\Binn\ (key C:/Program Files/Microsoft SQL Server/120/DTS/Binn/, mtime 1638528295): 38 files, no impossibilities.
# C:\WINDOWS (key C:/WINDOWS, mtime 1652060830): 131 files, no impossibilities.
# C:\Windows (key C:/Windows, mtime 1652060830): 131 files, no impossibilities.
# D:\Program Files\MATLAB\R2022a\bin (key D:/Program Files/MATLAB/R2022a/bin, mtime 1647772883): 14 files, no impossibilities.
# C:\Windows\System32\Wbem (key C:/Windows/System32/Wbem, mtime 1647866726): 155 files, no impossibilities.
# C:\Program Files (x86)\Windows Kits\8.1\Windows Performance Toolkit\ (key C:/Program Files (x86)/Windows Kits/8.1/Windows Performance Toolkit/, mtime 1638528347): 73 files, no impossibilities.
# C:\Program Files\dotnet\ (key C:/Program Files/dotnet/, mtime 1633587293): 8 files, no impossibilities.
# C:\WINDOWS\System32\WindowsPowerShell\v1.0\ (key C:/WINDOWS/System32/WindowsPowerShell/v1.0/, mtime 1647866528): 32 files, no impossibilities.
# C:\Windows\system32 (key C:/Windows/system32, mtime 1652065975): 3004 files, no impossibilities.
# C:\Program Files\Microsoft SQL Server\120\Tools\Binn\ (key C:/Program Files/Microsoft SQL Server/120/Tools/Binn/, mtime 1638528287): 15 files, no impossibilities.
# C:\WINDOWS\System32\OpenSSH\: could not be stat'd.
# C:\WINDOWS\system32 (key C:/WINDOWS/system32, mtime 1652065975): 3004 files, no impossibilities.

# 7040 files, no impossibilities in 27 directories.

# Implicit Rules

# No implicit rules.

# Files

# Not a target:
login.cpp:
#  Implicit rule search has not been done.
#  Modification time never checked.
#  File has not been updated.

# Not a target:
all:
#  Command line target.
#  Implicit rule search has been done.
#  File does not exist.
#  File has not been updated.

# Not a target:
.SUFFIXES:
#  Implicit rule search has not been done.
#  Modification time never checked.
#  File has not been updated.

Debug: main.cpp login.cpp student.cpp students.cpp
#  Implicit rule search has not been done.
#  Modification time never checked.
#  File has not been updated.
#  recipe to execute (from 'makefile', line 5):
	g++ $^ -o $@ -g

# Not a target:
makefile:
#  Implicit rule search has been done.
#  Last modified 2022-05-10 20:30:42
#  File has been updated.
#  Successfully updated.

# Not a target:
main.cpp:
#  Implicit rule search has not been done.
#  Modification time never checked.
#  File has not been updated.

# Not a target:
.DEFAULT:
#  Implicit rule search has not been done.
#  Modification time never checked.
#  File has not been updated.

# Not a target:
students.cpp:
#  Implicit rule search has not been done.
#  Modification time never checked.
#  File has not been updated.

# Not a target:
student.cpp:
#  Implicit rule search has not been done.
#  Modification time never checked.
#  File has not been updated.

main: main.cpp login.cpp student.cpp students.cpp
#  Implicit rule search has not been done.
#  Modification time never checked.
#  File has not been updated.
#  recipe to execute (from 'makefile', line 2):
	g++ $^ -o $@

# files hash-table stats:
# Load=10/1024=1%, Rehash=0, Collisions=0/28=0%
# VPATH Search Paths

# No 'vpath' search paths.

# No general ('VPATH' variable) search path.

# strcache buffers: 7 (6) / strings = 3681 / storage = 56994 B / avg = 15 B
# current buf: size = 8174 B / used = 8005 B / count = 467 / avg = 17 B
# other used: total = 48820 B / count = 3214 / avg = 15 B
# other free: total = 55 B / max = 14 B / min = 3 B / avg = 9 B

# strcache performance: lookups = 7085 / hit rate = 48%
# hash-table stats:
# Load=3681/8192=45%, Rehash=0, Collisions=2381/7085=34%
# Finished Make data base on Tue May 10 20:31:02 2022

 
make.exe: *** No rule to make target 'all'.  Stop.

